
PTO-VTA (Client)	Sat Sep 24 11:18:16 2016
	INET/inet_error: connect errno = 10060


PTO-VTA (Client)	Sat Sep 24 11:18:39 2016
	INET/inet_error: connect errno = 10060


PTO-VTA (Client)	Sat Sep 24 11:20:16 2016
	INET/INET_connect: gethostbyname (192.168.2.283) failed, error code = 11001


PTO-VTA (Client)	Sat Sep 24 11:20:18 2016
	INET/INET_connect: gethostbyname (192.168.2.283) failed, error code = 11001


PTO-VTA (Client)	Wed Oct 26 18:05:41 2016
	INET/inet_error: connect errno = 10060


PTO-VTA (Client)	Wed Oct 26 18:06:04 2016
	INET/inet_error: connect errno = 10060


PTO-VTA (Client)	Wed Oct 26 18:06:40 2016
	INET/inet_error: connect errno = 10060


PTO-VTA (Client)	Wed Oct 26 18:07:03 2016
	INET/inet_error: connect errno = 10060


PTO-VTA (Client)	Wed Oct 26 18:16:17 2016
	INET/inet_error: read errno = 10054


PTO-VTA (Client)	Wed Oct 26 18:16:32 2016
	INET/inet_error: send errno = 10054


PTO-VTA (Client)	Wed Oct 26 18:16:32 2016
	INET/inet_error: send errno = 10054


PTO-VTA (Client)	Wed Oct 26 18:16:40 2016
	INET/inet_error: send errno = 10054


PTO-VTA (Client)	Wed Oct 26 18:16:40 2016
	INET/inet_error: send errno = 10054

